<?xml version="1.0" encoding="UTF-8"?>
<!-- Generated by org.testng.reporters.JUnitReportReporter -->
<testsuite skipped="0" hostname="Admin-PC" name="selenium.NewTest1" tests="1" failures="0" timestamp="09 Sep 2017 16:42:09 GMT" time="0.032" errors="0">
  <testcase name="f" time="0.032" classname="selenium.NewTest1"/>
</testsuite> <!-- selenium.NewTest1 -->
