<?xml version="1.0" encoding="UTF-8"?>
<!-- Generated by org.testng.reporters.JUnitReportReporter -->
<testsuite skipped="0" hostname="Admin-PC" name="testNG.NewTest1" tests="1" failures="0" timestamp="15 Sep 2017 13:28:16 GMT" time="0.018" errors="0">
  <testcase name="f" time="0.018" classname="testNG.NewTest1"/>
</testsuite> <!-- testNG.NewTest1 -->
